2018/10/23 22:12:41 [/eccube2/html/admin/index.php] admin password incorrect. from ::1
2018/10/23 22:12:55 [/eccube2/html/admin/index.php] access error. from ::1
2018/10/23 22:12:55 [/eccube2/html/admin/index.php] login: user=admin(2) auth=0 lastlogin= sid= from ::1
2018/10/23 22:12:55 [/eccube2/html/admin/home.php] access : user=admin auth=0 sid=laadhhogs2r5l2l8n7idc0cm54 from ::1
2018/10/23 22:15:46 [/eccube2/html/admin/index.php] access : user=admin auth=0 sid=laadhhogs2r5l2l8n7idc0cm54 from ::1
2018/10/23 22:15:46 [/eccube2/html/admin/index.php] login: user=admin(2) auth=0 lastlogin=2018-10-23 22:12:55 sid=laadhhogs2r5l2l8n7idc0cm54 from ::1
2018/10/23 22:15:47 [/eccube2/html/admin/home.php] access : user=admin auth=0 sid=laadhhogs2r5l2l8n7idc0cm54 from ::1
2018/10/23 22:15:52 [/eccube2/html/admin/home.php] access : user=admin auth=0 sid=laadhhogs2r5l2l8n7idc0cm54 from ::1
2018/10/23 22:15:57 [/eccube2/html/admin/products/index.php] access : user=admin auth=0 sid=laadhhogs2r5l2l8n7idc0cm54 from ::1
2018/10/23 22:18:35 [/eccube2/html/admin/customer/index.php] access : user=admin auth=0 sid=laadhhogs2r5l2l8n7idc0cm54 from ::1
2018/10/23 22:18:40 [/eccube2/html/admin/products/index.php] access : user=admin auth=0 sid=laadhhogs2r5l2l8n7idc0cm54 from ::1
2018/10/23 22:19:24 [/eccube2/html/admin/mail/template.php] access : user=admin auth=0 sid=laadhhogs2r5l2l8n7idc0cm54 from ::1
2018/10/23 22:19:26 [/eccube2/html/admin/mail/template_input.php] access : user=admin auth=0 sid=laadhhogs2r5l2l8n7idc0cm54 from ::1
2018/10/23 22:19:38 [/eccube2/html/admin/contents/index.php] access : user=admin auth=0 sid=laadhhogs2r5l2l8n7idc0cm54 from ::1
2018/10/23 22:19:41 [/eccube2/html/admin/design/index.php] access : user=admin auth=0 sid=laadhhogs2r5l2l8n7idc0cm54 from ::1
2018/10/24 13:27:46 [/eccube2/html/admin/index.php] access error. from ::1
2018/10/24 13:27:46 [/eccube2/html/admin/index.php] login: user=admin(2) auth=0 lastlogin=2018-10-23 22:15:46 sid= from ::1
2018/10/24 13:27:47 [/eccube2/html/admin/home.php] access : user=admin auth=0 sid=laadhhogs2r5l2l8n7idc0cm54 from ::1
2018/10/24 13:30:50 [/eccube2/html/admin/ownersstore/index.php] access : user=admin auth=0 sid=laadhhogs2r5l2l8n7idc0cm54 from ::1
2018/10/24 13:31:00 [/eccube2/html/admin/ownersstore/index.php] access : user=admin auth=0 sid=laadhhogs2r5l2l8n7idc0cm54 from ::1
2018/10/24 13:31:11 [/eccube2/html/admin/ownersstore/settings.php] access : user=admin auth=0 sid=laadhhogs2r5l2l8n7idc0cm54 from ::1
2018/10/24 13:33:49 [/eccube2/html/admin/ownersstore/settings.php] access : user=admin auth=0 sid=laadhhogs2r5l2l8n7idc0cm54 from ::1
2018/10/24 13:34:02 [/eccube2/html/admin/ownersstore/settings.php] access : user=admin auth=0 sid=laadhhogs2r5l2l8n7idc0cm54 from ::1
2018/10/24 13:34:08 [/eccube2/html/admin/ownersstore/module.php] access : user=admin auth=0 sid=laadhhogs2r5l2l8n7idc0cm54 from ::1
2018/10/24 13:35:54 [/eccube2/html/admin/ownersstore/module.php] access : user=admin auth=0 sid=laadhhogs2r5l2l8n7idc0cm54 from ::1
2018/10/24 13:36:03 [/eccube2/html/admin/ownersstore/index.php] access : user=admin auth=0 sid=laadhhogs2r5l2l8n7idc0cm54 from ::1
2018/10/24 13:36:05 [/eccube2/html/admin/ownersstore/index.php] access : user=admin auth=0 sid=laadhhogs2r5l2l8n7idc0cm54 from ::1
2018/10/24 13:36:09 [/eccube2/html/admin/ownersstore/log.php] access : user=admin auth=0 sid=laadhhogs2r5l2l8n7idc0cm54 from ::1
2018/10/24 13:36:13 [/eccube2/html/admin/ownersstore/module.php] access : user=admin auth=0 sid=laadhhogs2r5l2l8n7idc0cm54 from ::1
2018/10/24 13:36:21 [/eccube2/html/upgrade/index.php] access : user=admin auth=0 sid=laadhhogs2r5l2l8n7idc0cm54 from ::1
2018/10/24 13:36:25 [/eccube2/html/upgrade/index.php] PAGE_DISPLAY_TIME_LOG [3.79sec] from ::1
2018/10/24 13:36:58 [/eccube2/html/upgrade/index.php] access : user=admin auth=0 sid=laadhhogs2r5l2l8n7idc0cm54 from ::1
2018/10/24 13:37:05 [/eccube2/html/upgrade/index.php] PAGE_DISPLAY_TIME_LOG [7.04sec] from ::1
2018/10/24 13:37:15 [/eccube2/html/admin/load_module_config.php] access : user=admin auth=0 sid=laadhhogs2r5l2l8n7idc0cm54 from ::1
2018/10/24 13:37:15 [/eccube2/html/admin/load_module_config.php] access : user=admin auth=0 sid=laadhhogs2r5l2l8n7idc0cm54 from ::1
2018/10/24 13:37:15 [/eccube2/html/admin/load_module_config.php] loading module ====> module_id = 323 from ::1
2018/10/24 13:37:27 [/eccube2/html/admin/ownersstore/index.php] access : user=admin auth=0 sid=laadhhogs2r5l2l8n7idc0cm54 from ::1
2018/10/24 13:37:32 [/eccube2/html/admin/ownersstore/module.php] access : user=admin auth=0 sid=laadhhogs2r5l2l8n7idc0cm54 from ::1
2018/10/24 13:37:37 [/eccube2/html/admin/ownersstore/settings.php] access : user=admin auth=0 sid=laadhhogs2r5l2l8n7idc0cm54 from ::1
2018/10/24 13:37:39 [/eccube2/html/admin/ownersstore/log.php] access : user=admin auth=0 sid=laadhhogs2r5l2l8n7idc0cm54 from ::1
2018/10/24 13:43:47 [/eccube2/html/admin/design/index.php] access : user=admin auth=0 sid=laadhhogs2r5l2l8n7idc0cm54 from ::1
2018/10/24 13:44:06 [/eccube2/html/admin/design/index.php] access : user=admin auth=0 sid=laadhhogs2r5l2l8n7idc0cm54 from ::1
2018/10/24 13:44:33 [/eccube2/html/admin/design/css.php] access : user=admin auth=0 sid=laadhhogs2r5l2l8n7idc0cm54 from ::1
2018/10/24 13:44:47 [/eccube2/html/admin/design/bloc.php] access : user=admin auth=0 sid=laadhhogs2r5l2l8n7idc0cm54 from ::1
2018/10/24 13:44:59 [/eccube2/html/admin/design/bloc.php] access : user=admin auth=0 sid=laadhhogs2r5l2l8n7idc0cm54 from ::1
2018/10/24 13:45:04 [/eccube2/html/admin/ownersstore/index.php] access : user=admin auth=0 sid=laadhhogs2r5l2l8n7idc0cm54 from ::1
2018/10/24 13:45:11 [/eccube2/html/admin/ownersstore/module.php] access : user=admin auth=0 sid=laadhhogs2r5l2l8n7idc0cm54 from ::1
2018/10/24 13:54:05 [/eccube2/html/admin/design/index.php] access : user=admin auth=0 sid=laadhhogs2r5l2l8n7idc0cm54 from ::1
2018/10/24 13:54:06 [/eccube2/html/admin/design/bloc.php] access : user=admin auth=0 sid=laadhhogs2r5l2l8n7idc0cm54 from ::1
2018/10/24 14:59:19 [/eccube2/html/admin/index.php] access : user=admin auth=0 sid=laadhhogs2r5l2l8n7idc0cm54 from ::1
2018/10/24 14:59:19 [/eccube2/html/admin/index.php] login: user=admin(2) auth=0 lastlogin=2018-10-24 13:27:46 sid=laadhhogs2r5l2l8n7idc0cm54 from ::1
2018/10/24 14:59:19 [/eccube2/html/admin/home.php] access : user=admin auth=0 sid=laadhhogs2r5l2l8n7idc0cm54 from ::1
2018/10/24 15:00:44 [/eccube2/html/admin/design/up_down.php] access : user=admin auth=0 sid=laadhhogs2r5l2l8n7idc0cm54 from ::1
2018/10/24 15:00:52 [/eccube2/html/admin/ownersstore/index.php] access : user=admin auth=0 sid=laadhhogs2r5l2l8n7idc0cm54 from ::1
2018/10/24 15:12:15 [/eccube2/html/admin/ownersstore/module.php] access : user=admin auth=0 sid=laadhhogs2r5l2l8n7idc0cm54 from ::1
2018/10/24 15:12:19 [/eccube2/html/upgrade/index.php] access : user=admin auth=0 sid=laadhhogs2r5l2l8n7idc0cm54 from ::1
2018/10/24 15:12:23 [/eccube2/html/upgrade/index.php] PAGE_DISPLAY_TIME_LOG [4.15sec] from ::1
2018/10/24 15:12:31 [/eccube2/html/upgrade/index.php] access : user=admin auth=0 sid=laadhhogs2r5l2l8n7idc0cm54 from ::1
2018/10/24 15:12:37 [/eccube2/html/upgrade/index.php] PAGE_DISPLAY_TIME_LOG [5.85sec] from ::1
2018/10/24 15:12:40 [/eccube2/html/admin/load_module_config.php] access : user=admin auth=0 sid=laadhhogs2r5l2l8n7idc0cm54 from ::1
2018/10/24 15:12:40 [/eccube2/html/admin/load_module_config.php] access : user=admin auth=0 sid=laadhhogs2r5l2l8n7idc0cm54 from ::1
2018/10/24 15:12:40 [/eccube2/html/admin/load_module_config.php] loading module ====> module_id = 323 from ::1
2018/10/24 15:17:41 [/eccube2/html/admin/ownersstore/index.php] access : user=admin auth=0 sid=laadhhogs2r5l2l8n7idc0cm54 from ::1
2018/10/24 15:17:51 [/eccube2/html/admin/ownersstore/index.php] access : user=admin auth=0 sid=laadhhogs2r5l2l8n7idc0cm54 from ::1
2018/10/24 15:17:51 [/eccube2/html/admin/ownersstore/index.php] SEED_RECOMMEND_PLUGIN_20160525.tar.gz -> C:\xampp\htdocs\eccube2\html/upload/temp_plugin/SEED_RECOMMEND_PLUGIN_20160525.tar.gz from ::1
2018/10/24 15:17:51 [/eccube2/html/admin/ownersstore/index.php] 解凍：C:\xampp\htdocs\eccube2\html/../data/downloads/tmp/plugin_install/SEED_RECOMMEND_PLUGIN_20160525.tar.gz->C:\xampp\htdocs\eccube2\html/../data/downloads/tmp/plugin_install/SEED_RECOMMEND_PLUGIN_20160525 from ::1
2018/10/24 15:18:04 [/eccube2/html/admin/ownersstore/index.php] access : user=admin auth=0 sid=laadhhogs2r5l2l8n7idc0cm54 from ::1
2018/10/24 15:18:04 [/eccube2/html/admin/ownersstore/index.php] SEED_RECOMMEND_PLUGIN_20160525.tar.gz -> C:\xampp\htdocs\eccube2\html/upload/temp_plugin/SEED_RECOMMEND_PLUGIN_20160525.tar.gz from ::1
2018/10/24 15:18:04 [/eccube2/html/admin/ownersstore/index.php] 解凍：C:\xampp\htdocs\eccube2\html/../data/downloads/tmp/plugin_install/SEED_RECOMMEND_PLUGIN_20160525.tar.gz->C:\xampp\htdocs\eccube2\html/../data/downloads/tmp/plugin_install/SEED_RECOMMEND_PLUGIN_20160525 from ::1
2018/10/24 15:27:33 [/eccube2/html/admin/ownersstore/index.php] access : user=admin auth=0 sid=laadhhogs2r5l2l8n7idc0cm54 from ::1
2018/10/24 15:27:34 [/eccube2/html/admin/ownersstore/index.php] C:\xampp\htdocs\eccube2\html/../data/downloads/tmp/plugin_install/ を削除します. from ::1
2018/10/24 15:27:34 [/eccube2/html/admin/ownersstore/index.php] SEED_RECOMMEND_PLUGIN_20160525.tar.gz -> C:\xampp\htdocs\eccube2\html/upload/temp_plugin/SEED_RECOMMEND_PLUGIN_20160525.tar.gz from ::1
2018/10/24 15:27:35 [/eccube2/html/admin/ownersstore/index.php] 解凍：C:\xampp\htdocs\eccube2\html/../data/downloads/tmp/plugin_install/SEED_RECOMMEND_PLUGIN_20160525.tar.gz->C:\xampp\htdocs\eccube2\html/../data/downloads/tmp/plugin_install/SEED_RECOMMEND_PLUGIN_20160525 from ::1
2018/10/24 15:27:37 [/eccube2/html/admin/ownersstore/index.php] C:\xampp\htdocs\eccube2\html/../data/downloads/tmp/plugin_install//data/class/pages/admin/contents を削除します. from ::1
2018/10/24 15:27:37 [/eccube2/html/admin/ownersstore/index.php] C:\xampp\htdocs\eccube2\html/../data/downloads/tmp/plugin_install//data/class/pages/admin を削除します. from ::1
2018/10/24 15:27:37 [/eccube2/html/admin/ownersstore/index.php] C:\xampp\htdocs\eccube2\html/../data/downloads/tmp/plugin_install//data/class/pages/shopping を削除します. from ::1
2018/10/24 15:27:37 [/eccube2/html/admin/ownersstore/index.php] C:\xampp\htdocs\eccube2\html/../data/downloads/tmp/plugin_install//data/class/pages を削除します. from ::1
2018/10/24 15:27:37 [/eccube2/html/admin/ownersstore/index.php] C:\xampp\htdocs\eccube2\html/../data/downloads/tmp/plugin_install//data/class を削除します. from ::1
2018/10/24 15:27:37 [/eccube2/html/admin/ownersstore/index.php] C:\xampp\htdocs\eccube2\html/../data/downloads/tmp/plugin_install//data/class_extends/page_extends/admin/contents を削除します. from ::1
2018/10/24 15:27:37 [/eccube2/html/admin/ownersstore/index.php] C:\xampp\htdocs\eccube2\html/../data/downloads/tmp/plugin_install//data/class_extends/page_extends/admin を削除します. from ::1
2018/10/24 15:27:37 [/eccube2/html/admin/ownersstore/index.php] C:\xampp\htdocs\eccube2\html/../data/downloads/tmp/plugin_install//data/class_extends/page_extends を削除します. from ::1
2018/10/24 15:27:37 [/eccube2/html/admin/ownersstore/index.php] C:\xampp\htdocs\eccube2\html/../data/downloads/tmp/plugin_install//data/class_extends を削除します. from ::1
2018/10/24 15:27:37 [/eccube2/html/admin/ownersstore/index.php] C:\xampp\htdocs\eccube2\html/../data/downloads/tmp/plugin_install//data を削除します. from ::1
2018/10/24 15:27:37 [/eccube2/html/admin/ownersstore/index.php] C:\xampp\htdocs\eccube2\html/../data/downloads/tmp/plugin_install//html/admin/contents を削除します. from ::1
2018/10/24 15:27:37 [/eccube2/html/admin/ownersstore/index.php] C:\xampp\htdocs\eccube2\html/../data/downloads/tmp/plugin_install//html/admin を削除します. from ::1
2018/10/24 15:27:37 [/eccube2/html/admin/ownersstore/index.php] C:\xampp\htdocs\eccube2\html/../data/downloads/tmp/plugin_install//html を削除します. from ::1
2018/10/24 15:27:37 [/eccube2/html/admin/ownersstore/index.php] C:\xampp\htdocs\eccube2\html/../data/downloads/tmp/plugin_install//template/admin/contents を削除します. from ::1
2018/10/24 15:27:37 [/eccube2/html/admin/ownersstore/index.php] C:\xampp\htdocs\eccube2\html/../data/downloads/tmp/plugin_install//template/admin を削除します. from ::1
2018/10/24 15:27:37 [/eccube2/html/admin/ownersstore/index.php] C:\xampp\htdocs\eccube2\html/../data/downloads/tmp/plugin_install//template/default/shopping を削除します. from ::1
2018/10/24 15:27:37 [/eccube2/html/admin/ownersstore/index.php] C:\xampp\htdocs\eccube2\html/../data/downloads/tmp/plugin_install//template/default を削除します. from ::1
2018/10/24 15:27:38 [/eccube2/html/admin/ownersstore/index.php] C:\xampp\htdocs\eccube2\html/../data/downloads/tmp/plugin_install//template/mobile/shopping を削除します. from ::1
2018/10/24 15:27:38 [/eccube2/html/admin/ownersstore/index.php] C:\xampp\htdocs\eccube2\html/../data/downloads/tmp/plugin_install//template/mobile を削除します. from ::1
2018/10/24 15:27:38 [/eccube2/html/admin/ownersstore/index.php] C:\xampp\htdocs\eccube2\html/../data/downloads/tmp/plugin_install//template/sphone/shopping を削除します. from ::1
2018/10/24 15:27:38 [/eccube2/html/admin/ownersstore/index.php] C:\xampp\htdocs\eccube2\html/../data/downloads/tmp/plugin_install//template/sphone を削除します. from ::1
2018/10/24 15:27:38 [/eccube2/html/admin/ownersstore/index.php] C:\xampp\htdocs\eccube2\html/../data/downloads/tmp/plugin_install//template を削除します. from ::1
2018/10/24 15:27:38 [/eccube2/html/admin/ownersstore/index.php] C:\xampp\htdocs\eccube2\html/../data/downloads/tmp/plugin_install/ を削除します. from ::1
2018/10/24 15:27:38 [/eccube2/html/admin/ownersstore/index.php] C:\xampp\htdocs\eccube2\html/../data/Smarty/templates_c/default/ を削除します. from ::1
2018/10/24 15:27:38 [/eccube2/html/admin/ownersstore/index.php] C:\xampp\htdocs\eccube2\html/../data/Smarty/templates_c/admin/ を削除します. from ::1
2018/10/24 15:27:38 [/eccube2/html/admin/ownersstore/index.php] C:\xampp\htdocs\eccube2\html/../data/Smarty/templates_c/sphone/ を削除します. from ::1
2018/10/24 15:27:38 [/eccube2/html/admin/ownersstore/index.php] C:\xampp\htdocs\eccube2\html/../data/Smarty/templates_c/mobile/ を削除します. from ::1
2018/10/24 15:28:07 [/eccube2/html/admin/ownersstore/index.php] access : user=admin auth=0 sid=laadhhogs2r5l2l8n7idc0cm54 from ::1
2018/10/24 15:28:08 [/eccube2/html/admin/ownersstore/index.php] C:\xampp\htdocs\eccube2\html/../data/Smarty/templates_c/default/ を削除します. from ::1
2018/10/24 15:28:08 [/eccube2/html/admin/ownersstore/index.php] C:\xampp\htdocs\eccube2\html/../data/Smarty/templates_c/admin/ を削除します. from ::1
2018/10/24 15:28:08 [/eccube2/html/admin/ownersstore/index.php] C:\xampp\htdocs\eccube2\html/../data/Smarty/templates_c/sphone/ を削除します. from ::1
2018/10/24 15:28:08 [/eccube2/html/admin/ownersstore/index.php] C:\xampp\htdocs\eccube2\html/../data/Smarty/templates_c/mobile/ を削除します. from ::1
2018/10/24 15:28:51 [/eccube2/html/admin/design/index.php] access : user=admin auth=0 sid=laadhhogs2r5l2l8n7idc0cm54 from ::1
2018/10/24 15:28:58 [/eccube2/html/admin/design/index.php] access : user=admin auth=0 sid=laadhhogs2r5l2l8n7idc0cm54 from ::1
2018/10/24 15:28:59 [/eccube2/html/admin/design/bloc.php] access : user=admin auth=0 sid=laadhhogs2r5l2l8n7idc0cm54 from ::1
2018/10/24 15:29:18 [/eccube2/html/admin/ownersstore/index.php] access : user=admin auth=0 sid=laadhhogs2r5l2l8n7idc0cm54 from ::1
2018/10/24 15:29:18 [/eccube2/html/admin/ownersstore/index.php] C:\xampp\htdocs\eccube2\html/../data/Smarty/templates_c/default/ を削除します. from ::1
2018/10/24 15:29:18 [/eccube2/html/admin/ownersstore/index.php] C:\xampp\htdocs\eccube2\html/../data/Smarty/templates_c/admin/ を削除します. from ::1
2018/10/24 15:29:18 [/eccube2/html/admin/ownersstore/index.php] C:\xampp\htdocs\eccube2\html/../data/Smarty/templates_c/sphone/ を削除します. from ::1
2018/10/24 15:29:18 [/eccube2/html/admin/ownersstore/index.php] C:\xampp\htdocs\eccube2\html/../data/Smarty/templates_c/mobile/ を削除します. from ::1
2018/10/24 15:30:41 [/eccube2/html/admin/ownersstore/index.php] access : user=admin auth=0 sid=laadhhogs2r5l2l8n7idc0cm54 from ::1
2018/10/24 15:30:41 [/eccube2/html/admin/ownersstore/index.php] nw00005_20151229.tar.gz -> C:\xampp\htdocs\eccube2\html/upload/temp_plugin/nw00005_20151229.tar.gz from ::1
2018/10/24 15:30:41 [/eccube2/html/admin/ownersstore/index.php] 解凍：C:\xampp\htdocs\eccube2\html/../data/downloads/tmp/plugin_install/nw00005_20151229.tar.gz->C:\xampp\htdocs\eccube2\html/../data/downloads/tmp/plugin_install/nw00005_20151229 from ::1
2018/10/24 15:30:43 [/eccube2/html/admin/ownersstore/index.php] C:\xampp\htdocs\eccube2\html/../data/downloads/tmp/plugin_install//templates を削除します. from ::1
2018/10/24 15:30:43 [/eccube2/html/admin/ownersstore/index.php] C:\xampp\htdocs\eccube2\html/../data/downloads/tmp/plugin_install/ を削除します. from ::1
2018/10/24 15:30:43 [/eccube2/html/admin/ownersstore/index.php] C:\xampp\htdocs\eccube2\html/../data/Smarty/templates_c/default/ を削除します. from ::1
2018/10/24 15:30:43 [/eccube2/html/admin/ownersstore/index.php] C:\xampp\htdocs\eccube2\html/../data/Smarty/templates_c/admin/ を削除します. from ::1
2018/10/24 15:30:43 [/eccube2/html/admin/ownersstore/index.php] C:\xampp\htdocs\eccube2\html/../data/Smarty/templates_c/sphone/ を削除します. from ::1
2018/10/24 15:30:43 [/eccube2/html/admin/ownersstore/index.php] C:\xampp\htdocs\eccube2\html/../data/Smarty/templates_c/mobile/ を削除します. from ::1
2018/10/24 15:30:52 [/eccube2/html/admin/ownersstore/index.php] access : user=admin auth=0 sid=laadhhogs2r5l2l8n7idc0cm54 from ::1
2018/10/24 15:30:52 [/eccube2/html/admin/ownersstore/index.php] C:\xampp\htdocs\eccube2\html/../data/Smarty/templates_c/default/ を削除します. from ::1
2018/10/24 15:30:52 [/eccube2/html/admin/ownersstore/index.php] C:\xampp\htdocs\eccube2\html/../data/Smarty/templates_c/admin/ を削除します. from ::1
2018/10/24 15:30:52 [/eccube2/html/admin/ownersstore/index.php] C:\xampp\htdocs\eccube2\html/../data/Smarty/templates_c/sphone/ を削除します. from ::1
2018/10/24 15:30:52 [/eccube2/html/admin/ownersstore/index.php] C:\xampp\htdocs\eccube2\html/../data/Smarty/templates_c/mobile/ を削除します. from ::1
2018/10/24 15:31:16 [/eccube2/html/admin/load_plugin_config.php] access : user=admin auth=0 sid=laadhhogs2r5l2l8n7idc0cm54 from ::1
2018/10/24 15:31:16 [/eccube2/html/admin/load_plugin_config.php] access : user=admin auth=0 sid=laadhhogs2r5l2l8n7idc0cm54 from ::1
2018/10/24 15:31:16 [/eccube2/html/admin/load_plugin_config.php] loading plugin ====> plugin_id = 2 from ::1
2018/10/24 15:31:38 [/eccube2/html/admin/design/index.php] access : user=admin auth=0 sid=laadhhogs2r5l2l8n7idc0cm54 from ::1
2018/10/24 15:31:57 [/eccube2/html/admin/design/index.php] access : user=admin auth=0 sid=laadhhogs2r5l2l8n7idc0cm54 from ::1
2018/10/24 15:32:14 [/eccube2/html/admin/design/index.php] access : user=admin auth=0 sid=laadhhogs2r5l2l8n7idc0cm54 from ::1
2018/10/24 15:32:22 [/eccube2/html/admin/design/index.php] access : user=admin auth=0 sid=laadhhogs2r5l2l8n7idc0cm54 from ::1
2018/10/24 15:32:23 [/eccube2/html/admin/design/bloc.php] access : user=admin auth=0 sid=laadhhogs2r5l2l8n7idc0cm54 from ::1
2018/10/24 15:33:23 [/eccube2/html/admin/system/index.php] access : user=admin auth=0 sid=laadhhogs2r5l2l8n7idc0cm54 from ::1
2018/10/24 15:33:29 [/eccube2/html/admin/ownersstore/index.php] access : user=admin auth=0 sid=laadhhogs2r5l2l8n7idc0cm54 from ::1
2018/10/24 15:33:40 [/eccube2/html/admin/ownersstore/index.php] access : user=admin auth=0 sid=laadhhogs2r5l2l8n7idc0cm54 from ::1
2018/10/24 15:33:40 [/eccube2/html/admin/ownersstore/index.php] DE-0002_20151222.tar.gz -> C:\xampp\htdocs\eccube2\html/upload/temp_plugin/DE-0002_20151222.tar.gz from ::1
2018/10/24 15:33:40 [/eccube2/html/admin/ownersstore/index.php] 解凍：C:\xampp\htdocs\eccube2\html/../data/downloads/tmp/plugin_install/DE-0002_20151222.tar.gz->C:\xampp\htdocs\eccube2\html/../data/downloads/tmp/plugin_install/DE-0002_20151222 from ::1
2018/10/24 15:33:41 [/eccube2/html/admin/ownersstore/index.php] C:\xampp\htdocs\eccube2\html/../data/downloads/tmp/plugin_install//bloc を削除します. from ::1
2018/10/24 15:33:41 [/eccube2/html/admin/ownersstore/index.php] C:\xampp\htdocs\eccube2\html/../data/downloads/tmp/plugin_install//media/images を削除します. from ::1
2018/10/24 15:33:41 [/eccube2/html/admin/ownersstore/index.php] C:\xampp\htdocs\eccube2\html/../data/downloads/tmp/plugin_install//media を削除します. from ::1
2018/10/24 15:33:41 [/eccube2/html/admin/ownersstore/index.php] C:\xampp\htdocs\eccube2\html/../data/downloads/tmp/plugin_install//templates を削除します. from ::1
2018/10/24 15:33:41 [/eccube2/html/admin/ownersstore/index.php] C:\xampp\htdocs\eccube2\html/../data/downloads/tmp/plugin_install/ を削除します. from ::1
2018/10/24 15:33:41 [/eccube2/html/admin/ownersstore/index.php] C:\xampp\htdocs\eccube2\html/../data/Smarty/templates_c/default/ を削除します. from ::1
2018/10/24 15:33:41 [/eccube2/html/admin/ownersstore/index.php] C:\xampp\htdocs\eccube2\html/../data/Smarty/templates_c/admin/ を削除します. from ::1
2018/10/24 15:33:41 [/eccube2/html/admin/ownersstore/index.php] C:\xampp\htdocs\eccube2\html/../data/Smarty/templates_c/sphone/ を削除します. from ::1
2018/10/24 15:33:41 [/eccube2/html/admin/ownersstore/index.php] C:\xampp\htdocs\eccube2\html/../data/Smarty/templates_c/mobile/ を削除します. from ::1
2018/10/24 15:33:50 [/eccube2/html/admin/ownersstore/index.php] access : user=admin auth=0 sid=laadhhogs2r5l2l8n7idc0cm54 from ::1
2018/10/24 15:33:50 [/eccube2/html/admin/ownersstore/index.php] C:\xampp\htdocs\eccube2\html/../data/Smarty/templates_c/default/ を削除します. from ::1
2018/10/24 15:33:50 [/eccube2/html/admin/ownersstore/index.php] C:\xampp\htdocs\eccube2\html/../data/Smarty/templates_c/admin/ を削除します. from ::1
2018/10/24 15:33:50 [/eccube2/html/admin/ownersstore/index.php] C:\xampp\htdocs\eccube2\html/../data/Smarty/templates_c/sphone/ を削除します. from ::1
2018/10/24 15:33:50 [/eccube2/html/admin/ownersstore/index.php] C:\xampp\htdocs\eccube2\html/../data/Smarty/templates_c/mobile/ を削除します. from ::1
2018/10/24 15:34:03 [/eccube2/html/admin/ownersstore/module.php] access : user=admin auth=0 sid=laadhhogs2r5l2l8n7idc0cm54 from ::1
2018/10/24 15:34:10 [/eccube2/html/admin/ownersstore/log.php] access : user=admin auth=0 sid=laadhhogs2r5l2l8n7idc0cm54 from ::1
2018/10/24 15:34:20 [/eccube2/html/admin/design/bloc.php] access : user=admin auth=0 sid=laadhhogs2r5l2l8n7idc0cm54 from ::1
2018/10/24 15:34:27 [/eccube2/html/admin/design/bloc.php] access : user=admin auth=0 sid=laadhhogs2r5l2l8n7idc0cm54 from ::1
2018/10/24 15:34:52 [/eccube2/html/admin/design/index.php] access : user=admin auth=0 sid=laadhhogs2r5l2l8n7idc0cm54 from ::1
2018/10/24 15:35:03 [/eccube2/html/admin/design/index.php] access : user=admin auth=0 sid=laadhhogs2r5l2l8n7idc0cm54 from ::1
2018/10/24 15:35:24 [/eccube2/html/admin/design/index.php] access : user=admin auth=0 sid=laadhhogs2r5l2l8n7idc0cm54 from ::1
2018/10/24 15:35:24 [/eccube2/html/admin/design/index.php] access : user=admin auth=0 sid=laadhhogs2r5l2l8n7idc0cm54 from ::1
2018/10/24 15:37:08 [/eccube2/html/admin/design/index.php] access : user=admin auth=0 sid=laadhhogs2r5l2l8n7idc0cm54 from ::1
2018/10/24 15:37:30 [/eccube2/html/admin/design/index.php] access : user=admin auth=0 sid=laadhhogs2r5l2l8n7idc0cm54 from ::1
2018/10/24 15:37:30 [/eccube2/html/admin/design/index.php] access : user=admin auth=0 sid=laadhhogs2r5l2l8n7idc0cm54 from ::1
2018/10/24 15:38:44 [/eccube2/html/admin/design/index.php] access : user=admin auth=0 sid=laadhhogs2r5l2l8n7idc0cm54 from ::1
2018/10/24 15:38:44 [/eccube2/html/admin/design/index.php] access : user=admin auth=0 sid=laadhhogs2r5l2l8n7idc0cm54 from ::1
