2018/10/24 13:36:21 [/eccube2/html/upgrade/index.php] ##### products_list start ##### from ::1
2018/10/24 13:36:21 [/eccube2/html/upgrade/index.php] * admin auth start from ::1
2018/10/24 13:36:21 [/eccube2/html/upgrade/index.php] * public key check start from ::1
2018/10/24 13:36:21 [/eccube2/html/upgrade/index.php] * http request start from ::1
2018/10/24 13:36:24 [/eccube2/html/upgrade/index.php] * http request check start from ::1
2018/10/24 13:36:24 [/eccube2/html/upgrade/index.php] * http response check start from ::1
2018/10/24 13:36:24 [/eccube2/html/upgrade/index.php] * json deta check start from ::1
2018/10/24 13:36:24 [/eccube2/html/upgrade/index.php] * json status check start from ::1
2018/10/24 13:36:24 [/eccube2/html/upgrade/index.php] * get products list ok from ::1
2018/10/24 13:36:25 [/eccube2/html/upgrade/index.php] ##### end ##### from ::1
2018/10/24 13:36:58 [/eccube2/html/upgrade/index.php] ##### download start ##### from ::1
2018/10/24 13:36:58 [/eccube2/html/upgrade/index.php] * auth start from ::1
2018/10/24 13:36:58 [/eccube2/html/upgrade/index.php] * admin login ok from ::1
2018/10/24 13:36:58 [/eccube2/html/upgrade/index.php] * post param check start from ::1
2018/10/24 13:36:58 [/eccube2/html/upgrade/index.php] * auto update check start from ::1
2018/10/24 13:36:59 [/eccube2/html/upgrade/index.php] * public key check start from ::1
2018/10/24 13:36:59 [/eccube2/html/upgrade/index.php] * http request start from ::1
2018/10/24 13:37:04 [/eccube2/html/upgrade/index.php] * http request check start from ::1
2018/10/24 13:37:04 [/eccube2/html/upgrade/index.php] * http response check start from ::1
2018/10/24 13:37:04 [/eccube2/html/upgrade/index.php] * json data check start from ::1
2018/10/24 13:37:04 [/eccube2/html/upgrade/index.php] * save file start from ::1
2018/10/24 13:37:04 [/eccube2/html/upgrade/index.php] * open 1540355824.tar.gz start from ::1
2018/10/24 13:37:04 [/eccube2/html/upgrade/index.php] * mkdir C:\xampp\htdocs\eccube2\html/../data/downloads/tmp/1540355824 start from ::1
2018/10/24 13:37:04 [/eccube2/html/upgrade/index.php] * extract C:\xampp\htdocs\eccube2\html/../data/downloads/tmp/1540355824.tar.gz start from ::1
2018/10/24 13:37:04 [/eccube2/html/upgrade/index.php] * copy batch start from ::1
2018/10/24 13:37:04 [/eccube2/html/upgrade/index.php] * copy batch check start from ::1
2018/10/24 13:37:04 [/eccube2/html/upgrade/index.php] * insert dtb_module_update start from ::1
2018/10/24 13:37:05 [/eccube2/html/upgrade/index.php] * insert/update dtb_module start from ::1
2018/10/24 13:37:05 [/eccube2/html/upgrade/index.php] * file execute start from ::1
2018/10/24 13:37:05 [/eccube2/html/upgrade/index.php] * notify to lockon server start from ::1
2018/10/24 13:37:05 [/eccube2/html/upgrade/index.php] * dl commit result:O:12:"HTTP_Request":26:{s:4:"_url";O:7:"Net_URL":13:{s:7:"options";a:1:{s:17:"encode_query_keys";b:0;}s:3:"url";s:40:"http://www.ec-cube.net/upgrade/index.php";s:8:"protocol";s:4:"http";s:8:"username";N;s:8:"password";N;s:4:"host";s:15:"www.ec-cube.net";s:4:"port";i:80;s:4:"path";s:18:"/upgrade/index.php";s:11:"querystring";a:0:{}s:6:"anchor";s:0:"";s:11:"useBrackets";b:1;s:4:"user";s:0:"";s:4:"pass";s:0:"";}s:7:"_method";s:4:"POST";s:5:"_http";s:3:"1.1";s:15:"_requestHeaders";a:6:{s:10:"user-agent";s:48:"PEAR HTTP_Request class ( http://pear.php.net/ )";s:10:"connection";s:5:"close";s:15:"accept-encoding";s:4:"gzip";s:4:"host";s:15:"www.ec-cube.net";s:6:"cookie";s:36:"PHPSESSID=gt1viik9cot1ln3qgt6miua4j4";s:12:"content-type";s:33:"application/x-www-form-urlencoded";}s:5:"_user";N;s:5:"_pass";N;s:5:"_sock";O:10:"Net_Socket":14:{s:2:"fp";N;s:8:"blocking";b:1;s:10:"persistent";b:0;s:4:"addr";s:14:"133.242.241.52";s:4:"port";i:80;s:7:"timeout";b:0;s:10:"lineLength";i:2048;s:7:"newline";s:2:"
";s:6:"_debug";b:0;s:19:"_default_error_mode";N;s:22:"_default_error_options";N;s:22:"_default_error_handler";s:0:"";s:12:"_error_class";s:10:"PEAR_Error";s:16:"_expected_errors";a:0:{}}s:11:"_proxy_host";N;s:11:"_proxy_port";N;s:11:"_proxy_user";N;s:11:"_proxy_pass";N;s:9:"_postData";a:2:{s:4:"mode";s:15:"download_commit";s:10:"eccube_url";s:42:"http%3A%2F%2Flocalhost%2Feccube2%2Fhtml%2F";}s:5:"_body";N;s:15:"_bodyDisallowed";a:1:{i:0;s:5:"TRACE";}s:13:"_bodyRequired";a:2:{i:0;s:4:"POST";i:1;s:3:"PUT";}s:10:"_postFiles";a:0:{}s:8:"_timeout";N;s:9:"_response";O:13:"HTTP_Response":10:{s:5:"_sock";R:28;s:9:"_protocol";s:8:"HTTP/1.1";s:5:"_code";i:200;s:7:"_reason";s:2:"OK";s:8:"_headers";a:6:{s:4:"date";s:29:"Wed, 24 Oct 2018 04:37:05 GMT";s:6:"server";s:23:"Apache/2.2.15 (Red Hat)";s:12:"x-powered-by";s:9:"PHP/5.3.3";s:10:"connection";s:5:"close";s:12:"content-type";s:30:"text/javascript; charset=UTF-8";s:14:"content-length";s:2:"55";}s:8:"_cookies";a:1:{i:0;a:6:{s:7:"expires";s:29:"Tue, 24-Oct-2017 04:37:04 GMT";s:6:"domain";N;s:4:"path";s:1:"/";s:6:"secure";b:0;s:4:"name";s:9:"PHPSESSID";s:5:"value";s:7:"deleted";}}s:5:"_body";s:55:"{"status":"SUCCESS","errcode":null,"msg":"","data":[]}
";s:12:"_chunkLength";i:0;s:10:"_listeners";a:0:{}s:7:"_toRead";i:0;}s:15:"_allowRedirects";b:0;s:13:"_maxRedirects";i:3;s:10:"_redirects";i:0;s:12:"_useBrackets";b:1;s:10:"_listeners";R:79;s:9:"_saveBody";b:1;s:12:"_readTimeout";N;s:14:"_socketOptions";N;} from ::1
2018/10/24 13:37:05 [/eccube2/html/upgrade/index.php] ##### end ##### from ::1
2018/10/24 15:12:19 [/eccube2/html/upgrade/index.php] ##### products_list start ##### from ::1
2018/10/24 15:12:19 [/eccube2/html/upgrade/index.php] * admin auth start from ::1
2018/10/24 15:12:19 [/eccube2/html/upgrade/index.php] * public key check start from ::1
2018/10/24 15:12:19 [/eccube2/html/upgrade/index.php] * http request start from ::1
2018/10/24 15:12:23 [/eccube2/html/upgrade/index.php] * http request check start from ::1
2018/10/24 15:12:23 [/eccube2/html/upgrade/index.php] * http response check start from ::1
2018/10/24 15:12:23 [/eccube2/html/upgrade/index.php] * json deta check start from ::1
2018/10/24 15:12:23 [/eccube2/html/upgrade/index.php] * json status check start from ::1
2018/10/24 15:12:23 [/eccube2/html/upgrade/index.php] * get products list ok from ::1
2018/10/24 15:12:23 [/eccube2/html/upgrade/index.php] ##### end ##### from ::1
2018/10/24 15:12:31 [/eccube2/html/upgrade/index.php] ##### download start ##### from ::1
2018/10/24 15:12:31 [/eccube2/html/upgrade/index.php] * auth start from ::1
2018/10/24 15:12:31 [/eccube2/html/upgrade/index.php] * admin login ok from ::1
2018/10/24 15:12:31 [/eccube2/html/upgrade/index.php] * post param check start from ::1
2018/10/24 15:12:31 [/eccube2/html/upgrade/index.php] * auto update check start from ::1
2018/10/24 15:12:31 [/eccube2/html/upgrade/index.php] * public key check start from ::1
2018/10/24 15:12:31 [/eccube2/html/upgrade/index.php] * http request start from ::1
2018/10/24 15:12:36 [/eccube2/html/upgrade/index.php] * http request check start from ::1
2018/10/24 15:12:36 [/eccube2/html/upgrade/index.php] * http response check start from ::1
2018/10/24 15:12:36 [/eccube2/html/upgrade/index.php] * json data check start from ::1
2018/10/24 15:12:36 [/eccube2/html/upgrade/index.php] * save file start from ::1
2018/10/24 15:12:36 [/eccube2/html/upgrade/index.php] * open 1540361556.tar.gz start from ::1
2018/10/24 15:12:36 [/eccube2/html/upgrade/index.php] * mkdir C:\xampp\htdocs\eccube2\html/../data/downloads/tmp/1540361556 start from ::1
2018/10/24 15:12:36 [/eccube2/html/upgrade/index.php] * extract C:\xampp\htdocs\eccube2\html/../data/downloads/tmp/1540361556.tar.gz start from ::1
2018/10/24 15:12:36 [/eccube2/html/upgrade/index.php] * copy batch start from ::1
2018/10/24 15:12:36 [/eccube2/html/upgrade/index.php] * copy batch check start from ::1
2018/10/24 15:12:36 [/eccube2/html/upgrade/index.php] * insert dtb_module_update start from ::1
2018/10/24 15:12:36 [/eccube2/html/upgrade/index.php] * insert/update dtb_module start from ::1
2018/10/24 15:12:37 [/eccube2/html/upgrade/index.php] * file execute start from ::1
2018/10/24 15:12:37 [/eccube2/html/upgrade/index.php] * notify to lockon server start from ::1
2018/10/24 15:12:37 [/eccube2/html/upgrade/index.php] * dl commit result:O:12:"HTTP_Request":26:{s:4:"_url";O:7:"Net_URL":13:{s:7:"options";a:1:{s:17:"encode_query_keys";b:0;}s:3:"url";s:40:"http://www.ec-cube.net/upgrade/index.php";s:8:"protocol";s:4:"http";s:8:"username";N;s:8:"password";N;s:4:"host";s:15:"www.ec-cube.net";s:4:"port";i:80;s:4:"path";s:18:"/upgrade/index.php";s:11:"querystring";a:0:{}s:6:"anchor";s:0:"";s:11:"useBrackets";b:1;s:4:"user";s:0:"";s:4:"pass";s:0:"";}s:7:"_method";s:4:"POST";s:5:"_http";s:3:"1.1";s:15:"_requestHeaders";a:6:{s:10:"user-agent";s:48:"PEAR HTTP_Request class ( http://pear.php.net/ )";s:10:"connection";s:5:"close";s:15:"accept-encoding";s:4:"gzip";s:4:"host";s:15:"www.ec-cube.net";s:6:"cookie";s:36:"PHPSESSID=bbuogtsavk7m29o2c7lum5mgb0";s:12:"content-type";s:33:"application/x-www-form-urlencoded";}s:5:"_user";N;s:5:"_pass";N;s:5:"_sock";O:10:"Net_Socket":14:{s:2:"fp";N;s:8:"blocking";b:1;s:10:"persistent";b:0;s:4:"addr";s:14:"133.242.241.52";s:4:"port";i:80;s:7:"timeout";b:0;s:10:"lineLength";i:2048;s:7:"newline";s:2:"
";s:6:"_debug";b:0;s:19:"_default_error_mode";N;s:22:"_default_error_options";N;s:22:"_default_error_handler";s:0:"";s:12:"_error_class";s:10:"PEAR_Error";s:16:"_expected_errors";a:0:{}}s:11:"_proxy_host";N;s:11:"_proxy_port";N;s:11:"_proxy_user";N;s:11:"_proxy_pass";N;s:9:"_postData";a:2:{s:4:"mode";s:15:"download_commit";s:10:"eccube_url";s:42:"http%3A%2F%2Flocalhost%2Feccube2%2Fhtml%2F";}s:5:"_body";N;s:15:"_bodyDisallowed";a:1:{i:0;s:5:"TRACE";}s:13:"_bodyRequired";a:2:{i:0;s:4:"POST";i:1;s:3:"PUT";}s:10:"_postFiles";a:0:{}s:8:"_timeout";N;s:9:"_response";O:13:"HTTP_Response":10:{s:5:"_sock";R:28;s:9:"_protocol";s:8:"HTTP/1.1";s:5:"_code";i:200;s:7:"_reason";s:2:"OK";s:8:"_headers";a:6:{s:4:"date";s:29:"Wed, 24 Oct 2018 06:12:37 GMT";s:6:"server";s:23:"Apache/2.2.15 (Red Hat)";s:12:"x-powered-by";s:9:"PHP/5.3.3";s:10:"connection";s:5:"close";s:12:"content-type";s:30:"text/javascript; charset=UTF-8";s:14:"content-length";s:2:"55";}s:8:"_cookies";a:1:{i:0;a:6:{s:7:"expires";s:29:"Tue, 24-Oct-2017 06:12:36 GMT";s:6:"domain";N;s:4:"path";s:1:"/";s:6:"secure";b:0;s:4:"name";s:9:"PHPSESSID";s:5:"value";s:7:"deleted";}}s:5:"_body";s:55:"{"status":"SUCCESS","errcode":null,"msg":"","data":[]}
";s:12:"_chunkLength";i:0;s:10:"_listeners";a:0:{}s:7:"_toRead";i:0;}s:15:"_allowRedirects";b:0;s:13:"_maxRedirects";i:3;s:10:"_redirects";i:0;s:12:"_useBrackets";b:1;s:10:"_listeners";R:79;s:9:"_saveBody";b:1;s:12:"_readTimeout";N;s:14:"_socketOptions";N;} from ::1
2018/10/24 15:12:37 [/eccube2/html/upgrade/index.php] ##### end ##### from ::1
